{"/Users/vauruk/Documents/workspace/Aubay/AubayInnoWaveTest/src/components/BackButtonNav/index.tsx": {"path":"/Users/vauruk/Documents/workspace/Aubay/AubayInnoWaveTest/src/components/BackButtonNav/index.tsx","statementMap":{"0":{"start":{"line":8,"column":39},"end":{"line":31,"column":1}},"1":{"start":{"line":9,"column":18},"end":{"line":9,"column":28}},"2":{"start":{"line":10,"column":21},"end":{"line":10,"column":36}},"3":{"start":{"line":12,"column":20},"end":{"line":14,"column":3}},"4":{"start":{"line":13,"column":4},"end":{"line":13,"column":24}},"5":{"start":{"line":16,"column":2},"end":{"line":30,"column":4}},"6":{"start":{"line":21,"column":23},"end":{"line":21,"column":34}}},"fnMap":{"0":{"name":"(anonymous_0)","decl":{"start":{"line":8,"column":39},"end":{"line":8,"column":40}},"loc":{"start":{"line":8,"column":57},"end":{"line":31,"column":1}},"line":8},"1":{"name":"(anonymous_1)","decl":{"start":{"line":12,"column":20},"end":{"line":12,"column":21}},"loc":{"start":{"line":12,"column":26},"end":{"line":14,"column":3}},"line":12},"2":{"name":"(anonymous_2)","decl":{"start":{"line":21,"column":17},"end":{"line":21,"column":18}},"loc":{"start":{"line":21,"column":23},"end":{"line":21,"column":34}},"line":21}},"branchMap":{},"s":{"0":0,"1":0,"2":0,"3":0,"4":0,"5":0,"6":0},"f":{"0":0,"1":0,"2":0},"b":{}}
,"/Users/vauruk/Documents/workspace/Aubay/AubayInnoWaveTest/src/components/CustomModal/index.tsx": {"path":"/Users/vauruk/Documents/workspace/Aubay/AubayInnoWaveTest/src/components/CustomModal/index.tsx","statementMap":{"0":{"start":{"line":8,"column":37},"end":{"line":149,"column":1}},"1":{"start":{"line":19,"column":18},"end":{"line":19,"column":28}},"2":{"start":{"line":20,"column":21},"end":{"line":22,"column":3}},"3":{"start":{"line":21,"column":4},"end":{"line":21,"column":21}},"4":{"start":{"line":23,"column":22},"end":{"line":25,"column":3}},"5":{"start":{"line":24,"column":4},"end":{"line":24,"column":22}},"6":{"start":{"line":27,"column":21},"end":{"line":77,"column":3}},"7":{"start":{"line":28,"column":4},"end":{"line":76,"column":5}},"8":{"start":{"line":29,"column":6},"end":{"line":75,"column":7}},"9":{"start":{"line":30,"column":8},"end":{"line":39,"column":10}},"10":{"start":{"line":40,"column":13},"end":{"line":75,"column":7}},"11":{"start":{"line":41,"column":8},"end":{"line":50,"column":10}},"12":{"start":{"line":51,"column":13},"end":{"line":75,"column":7}},"13":{"start":{"line":52,"column":8},"end":{"line":61,"column":10}},"14":{"start":{"line":62,"column":13},"end":{"line":75,"column":7}},"15":{"start":{"line":63,"column":8},"end":{"line":72,"column":10}},"16":{"start":{"line":74,"column":8},"end":{"line":74,"column":21}},"17":{"start":{"line":79,"column":18},"end":{"line":87,"column":3}},"18":{"start":{"line":80,"column":4},"end":{"line":82,"column":5}},"19":{"start":{"line":81,"column":6},"end":{"line":81,"column":17}},"20":{"start":{"line":83,"column":4},"end":{"line":85,"column":5}},"21":{"start":{"line":84,"column":6},"end":{"line":84,"column":15}},"22":{"start":{"line":86,"column":4},"end":{"line":86,"column":15}},"23":{"start":{"line":89,"column":2},"end":{"line":148,"column":4}}},"fnMap":{"0":{"name":"(anonymous_0)","decl":{"start":{"line":8,"column":37},"end":{"line":8,"column":38}},"loc":{"start":{"line":18,"column":13},"end":{"line":149,"column":1}},"line":18},"1":{"name":"(anonymous_1)","decl":{"start":{"line":20,"column":21},"end":{"line":20,"column":22}},"loc":{"start":{"line":20,"column":27},"end":{"line":22,"column":3}},"line":20},"2":{"name":"(anonymous_2)","decl":{"start":{"line":23,"column":22},"end":{"line":23,"column":23}},"loc":{"start":{"line":23,"column":28},"end":{"line":25,"column":3}},"line":23},"3":{"name":"(anonymous_3)","decl":{"start":{"line":27,"column":21},"end":{"line":27,"column":22}},"loc":{"start":{"line":27,"column":27},"end":{"line":77,"column":3}},"line":27},"4":{"name":"(anonymous_4)","decl":{"start":{"line":79,"column":18},"end":{"line":79,"column":19}},"loc":{"start":{"line":79,"column":24},"end":{"line":87,"column":3}},"line":79}},"branchMap":{"0":{"loc":{"start":{"line":28,"column":4},"end":{"line":76,"column":5}},"type":"if","locations":[{"start":{"line":28,"column":4},"end":{"line":76,"column":5}},{"start":{},"end":{}}],"line":28},"1":{"loc":{"start":{"line":29,"column":6},"end":{"line":75,"column":7}},"type":"if","locations":[{"start":{"line":29,"column":6},"end":{"line":75,"column":7}},{"start":{"line":40,"column":13},"end":{"line":75,"column":7}}],"line":29},"2":{"loc":{"start":{"line":40,"column":13},"end":{"line":75,"column":7}},"type":"if","locations":[{"start":{"line":40,"column":13},"end":{"line":75,"column":7}},{"start":{"line":51,"column":13},"end":{"line":75,"column":7}}],"line":40},"3":{"loc":{"start":{"line":51,"column":13},"end":{"line":75,"column":7}},"type":"if","locations":[{"start":{"line":51,"column":13},"end":{"line":75,"column":7}},{"start":{"line":62,"column":13},"end":{"line":75,"column":7}}],"line":51},"4":{"loc":{"start":{"line":62,"column":13},"end":{"line":75,"column":7}},"type":"if","locations":[{"start":{"line":62,"column":13},"end":{"line":75,"column":7}},{"start":{"line":73,"column":13},"end":{"line":75,"column":7}}],"line":62},"5":{"loc":{"start":{"line":80,"column":4},"end":{"line":82,"column":5}},"type":"if","locations":[{"start":{"line":80,"column":4},"end":{"line":82,"column":5}},{"start":{},"end":{}}],"line":80},"6":{"loc":{"start":{"line":80,"column":8},"end":{"line":80,"column":33}},"type":"binary-expr","locations":[{"start":{"line":80,"column":8},"end":{"line":80,"column":18}},{"start":{"line":80,"column":22},"end":{"line":80,"column":33}}],"line":80},"7":{"loc":{"start":{"line":83,"column":4},"end":{"line":85,"column":5}},"type":"if","locations":[{"start":{"line":83,"column":4},"end":{"line":85,"column":5}},{"start":{},"end":{}}],"line":83},"8":{"loc":{"start":{"line":83,"column":8},"end":{"line":83,"column":68}},"type":"binary-expr","locations":[{"start":{"line":83,"column":9},"end":{"line":83,"column":19}},{"start":{"line":83,"column":23},"end":{"line":83,"column":35}},{"start":{"line":83,"column":41},"end":{"line":83,"column":52}},{"start":{"line":83,"column":56},"end":{"line":83,"column":67}}],"line":83},"9":{"loc":{"start":{"line":100,"column":13},"end":{"line":121,"column":13}},"type":"binary-expr","locations":[{"start":{"line":100,"column":13},"end":{"line":100,"column":23}},{"start":{"line":101,"column":14},"end":{"line":120,"column":20}}],"line":100},"10":{"loc":{"start":{"line":122,"column":13},"end":{"line":143,"column":13}},"type":"binary-expr","locations":[{"start":{"line":122,"column":13},"end":{"line":122,"column":24}},{"start":{"line":123,"column":14},"end":{"line":142,"column":20}}],"line":122}},"s":{"0":1,"1":4,"2":4,"3":0,"4":4,"5":0,"6":4,"7":4,"8":4,"9":0,"10":4,"11":0,"12":4,"13":0,"14":4,"15":4,"16":0,"17":4,"18":6,"19":4,"20":2,"21":2,"22":0,"23":4},"f":{"0":4,"1":0,"2":0,"3":4,"4":6},"b":{"0":[4,0],"1":[0,4],"2":[0,4],"3":[0,4],"4":[4,0],"5":[4,2],"6":[6,4],"7":[2,0],"8":[2,0,2,2],"9":[4,2],"10":[4,4]},"_coverageSchema":"1a1c01bbd47fc00a2c39e90264f33305004495a9","hash":"7967ef6012a917547c2064b4837b2670a3a309d7"}
,"/Users/vauruk/Documents/workspace/Aubay/AubayInnoWaveTest/src/components/FlexBox/Col/index.tsx": {"path":"/Users/vauruk/Documents/workspace/Aubay/AubayInnoWaveTest/src/components/FlexBox/Col/index.tsx","statementMap":{"0":{"start":{"line":6,"column":29},"end":{"line":14,"column":1}},"1":{"start":{"line":7,"column":2},"end":{"line":13,"column":4}}},"fnMap":{"0":{"name":"(anonymous_0)","decl":{"start":{"line":6,"column":29},"end":{"line":6,"column":30}},"loc":{"start":{"line":6,"column":77},"end":{"line":14,"column":1}},"line":6}},"branchMap":{"0":{"loc":{"start":{"line":6,"column":56},"end":{"line":6,"column":64}},"type":"default-arg","locations":[{"start":{"line":6,"column":63},"end":{"line":6,"column":64}}],"line":6}},"s":{"0":1,"1":0},"f":{"0":0},"b":{"0":[0]},"_coverageSchema":"1a1c01bbd47fc00a2c39e90264f33305004495a9","hash":"8e50ae0cb8eda9fad5faeaaa3fe86fbe567f609f"}
,"/Users/vauruk/Documents/workspace/Aubay/AubayInnoWaveTest/src/components/FlexBox/Row/index.tsx": {"path":"/Users/vauruk/Documents/workspace/Aubay/AubayInnoWaveTest/src/components/FlexBox/Row/index.tsx","statementMap":{"0":{"start":{"line":6,"column":29},"end":{"line":12,"column":1}},"1":{"start":{"line":7,"column":2},"end":{"line":11,"column":4}}},"fnMap":{"0":{"name":"(anonymous_0)","decl":{"start":{"line":6,"column":29},"end":{"line":6,"column":30}},"loc":{"start":{"line":6,"column":78},"end":{"line":12,"column":1}},"line":6}},"branchMap":{"0":{"loc":{"start":{"line":6,"column":31},"end":{"line":6,"column":48}},"type":"default-arg","locations":[{"start":{"line":6,"column":40},"end":{"line":6,"column":48}}],"line":6}},"s":{"0":1,"1":0},"f":{"0":0},"b":{"0":[0]},"_coverageSchema":"1a1c01bbd47fc00a2c39e90264f33305004495a9","hash":"55b32d321d82bcbd893c0fdd1d27705823d0cf61"}
,"/Users/vauruk/Documents/workspace/Aubay/AubayInnoWaveTest/src/hooks/index.ts": {"path":"/Users/vauruk/Documents/workspace/Aubay/AubayInnoWaveTest/src/hooks/index.ts","statementMap":{},"fnMap":{},"branchMap":{},"s":{},"f":{},"b":{}}
,"/Users/vauruk/Documents/workspace/Aubay/AubayInnoWaveTest/src/services/ApiVK.ts": {"path":"/Users/vauruk/Documents/workspace/Aubay/AubayInnoWaveTest/src/services/ApiVK.ts","statementMap":{"0":{"start":{"line":6,"column":0},"end":{"line":6,"column":40}},"1":{"start":{"line":7,"column":20},"end":{"line":17,"column":1}},"2":{"start":{"line":8,"column":2},"end":{"line":16,"column":4}},"3":{"start":{"line":18,"column":22},"end":{"line":26,"column":1}},"4":{"start":{"line":19,"column":2},"end":{"line":25,"column":4}},"5":{"start":{"line":33,"column":4},"end":{"line":46,"column":7}},"6":{"start":{"line":34,"column":37},"end":{"line":34,"column":47}},"7":{"start":{"line":35,"column":6},"end":{"line":35,"column":49}},"8":{"start":{"line":36,"column":42},"end":{"line":38,"column":25}},"9":{"start":{"line":40,"column":6},"end":{"line":45,"column":46}},"10":{"start":{"line":43,"column":10},"end":{"line":43,"column":33}},"11":{"start":{"line":45,"column":31},"end":{"line":45,"column":44}},"12":{"start":{"line":50,"column":4},"end":{"line":75,"column":7}},"13":{"start":{"line":51,"column":28},"end":{"line":51,"column":38}},"14":{"start":{"line":52,"column":42},"end":{"line":54,"column":25}},"15":{"start":{"line":56,"column":6},"end":{"line":74,"column":11}},"16":{"start":{"line":59,"column":10},"end":{"line":59,"column":28}},"17":{"start":{"line":62,"column":10},"end":{"line":72,"column":11}},"18":{"start":{"line":64,"column":12},"end":{"line":64,"column":43}},"19":{"start":{"line":65,"column":12},"end":{"line":65,"column":45}},"20":{"start":{"line":66,"column":12},"end":{"line":66,"column":46}},"21":{"start":{"line":67,"column":17},"end":{"line":72,"column":11}},"22":{"start":{"line":68,"column":12},"end":{"line":68,"column":37}},"23":{"start":{"line":73,"column":10},"end":{"line":73,"column":22}},"24":{"start":{"line":78,"column":4},"end":{"line":89,"column":7}},"25":{"start":{"line":79,"column":28},"end":{"line":79,"column":38}},"26":{"start":{"line":80,"column":42},"end":{"line":82,"column":25}},"27":{"start":{"line":83,"column":6},"end":{"line":88,"column":46}},"28":{"start":{"line":86,"column":10},"end":{"line":86,"column":33}},"29":{"start":{"line":88,"column":31},"end":{"line":88,"column":44}}},"fnMap":{"0":{"name":"(anonymous_0)","decl":{"start":{"line":7,"column":20},"end":{"line":7,"column":21}},"loc":{"start":{"line":7,"column":59},"end":{"line":17,"column":1}},"line":7},"1":{"name":"(anonymous_1)","decl":{"start":{"line":18,"column":22},"end":{"line":18,"column":23}},"loc":{"start":{"line":18,"column":48},"end":{"line":26,"column":1}},"line":18},"2":{"name":"(anonymous_2)","decl":{"start":{"line":32,"column":2},"end":{"line":32,"column":3}},"loc":{"start":{"line":32,"column":77},"end":{"line":47,"column":3}},"line":32},"3":{"name":"(anonymous_3)","decl":{"start":{"line":33,"column":26},"end":{"line":33,"column":27}},"loc":{"start":{"line":33,"column":47},"end":{"line":46,"column":5}},"line":33},"4":{"name":"(anonymous_4)","decl":{"start":{"line":42,"column":14},"end":{"line":42,"column":15}},"loc":{"start":{"line":42,"column":33},"end":{"line":44,"column":9}},"line":42},"5":{"name":"(anonymous_5)","decl":{"start":{"line":45,"column":15},"end":{"line":45,"column":16}},"loc":{"start":{"line":45,"column":31},"end":{"line":45,"column":44}},"line":45},"6":{"name":"(anonymous_6)","decl":{"start":{"line":49,"column":2},"end":{"line":49,"column":3}},"loc":{"start":{"line":49,"column":73},"end":{"line":76,"column":3}},"line":49},"7":{"name":"(anonymous_7)","decl":{"start":{"line":50,"column":26},"end":{"line":50,"column":27}},"loc":{"start":{"line":50,"column":47},"end":{"line":75,"column":5}},"line":50},"8":{"name":"(anonymous_8)","decl":{"start":{"line":58,"column":14},"end":{"line":58,"column":15}},"loc":{"start":{"line":58,"column":21},"end":{"line":60,"column":9}},"line":58},"9":{"name":"(anonymous_9)","decl":{"start":{"line":61,"column":15},"end":{"line":61,"column":16}},"loc":{"start":{"line":61,"column":29},"end":{"line":74,"column":9}},"line":61},"10":{"name":"(anonymous_10)","decl":{"start":{"line":77,"column":2},"end":{"line":77,"column":3}},"loc":{"start":{"line":77,"column":76},"end":{"line":90,"column":3}},"line":77},"11":{"name":"(anonymous_11)","decl":{"start":{"line":78,"column":26},"end":{"line":78,"column":27}},"loc":{"start":{"line":78,"column":47},"end":{"line":89,"column":5}},"line":78},"12":{"name":"(anonymous_12)","decl":{"start":{"line":85,"column":14},"end":{"line":85,"column":15}},"loc":{"start":{"line":85,"column":33},"end":{"line":87,"column":9}},"line":85},"13":{"name":"(anonymous_13)","decl":{"start":{"line":88,"column":15},"end":{"line":88,"column":16}},"loc":{"start":{"line":88,"column":31},"end":{"line":88,"column":44}},"line":88}},"branchMap":{"0":{"loc":{"start":{"line":36,"column":42},"end":{"line":38,"column":25}},"type":"cond-expr","locations":[{"start":{"line":37,"column":10},"end":{"line":37,"column":28}},{"start":{"line":38,"column":10},"end":{"line":38,"column":25}}],"line":36},"1":{"loc":{"start":{"line":52,"column":42},"end":{"line":54,"column":25}},"type":"cond-expr","locations":[{"start":{"line":53,"column":10},"end":{"line":53,"column":28}},{"start":{"line":54,"column":10},"end":{"line":54,"column":25}}],"line":52},"2":{"loc":{"start":{"line":62,"column":10},"end":{"line":72,"column":11}},"type":"if","locations":[{"start":{"line":62,"column":10},"end":{"line":72,"column":11}},{"start":{"line":67,"column":17},"end":{"line":72,"column":11}}],"line":62},"3":{"loc":{"start":{"line":67,"column":17},"end":{"line":72,"column":11}},"type":"if","locations":[{"start":{"line":67,"column":17},"end":{"line":72,"column":11}},{"start":{"line":70,"column":17},"end":{"line":72,"column":11}}],"line":67},"4":{"loc":{"start":{"line":80,"column":42},"end":{"line":82,"column":25}},"type":"cond-expr","locations":[{"start":{"line":81,"column":10},"end":{"line":81,"column":28}},{"start":{"line":82,"column":10},"end":{"line":82,"column":25}}],"line":80}},"s":{"0":0,"1":0,"2":0,"3":0,"4":0,"5":0,"6":0,"7":0,"8":0,"9":0,"10":0,"11":0,"12":0,"13":0,"14":0,"15":0,"16":0,"17":0,"18":0,"19":0,"20":0,"21":0,"22":0,"23":0,"24":0,"25":0,"26":0,"27":0,"28":0,"29":0},"f":{"0":0,"1":0,"2":0,"3":0,"4":0,"5":0,"6":0,"7":0,"8":0,"9":0,"10":0,"11":0,"12":0,"13":0},"b":{"0":[0,0],"1":[0,0],"2":[0,0],"3":[0,0],"4":[0,0]}}
,"/Users/vauruk/Documents/workspace/Aubay/AubayInnoWaveTest/src/services/index.ts": {"path":"/Users/vauruk/Documents/workspace/Aubay/AubayInnoWaveTest/src/services/index.ts","statementMap":{},"fnMap":{},"branchMap":{},"s":{},"f":{},"b":{}}
,"/Users/vauruk/Documents/workspace/Aubay/AubayInnoWaveTest/src/services/types.ts": {"path":"/Users/vauruk/Documents/workspace/Aubay/AubayInnoWaveTest/src/services/types.ts","statementMap":{},"fnMap":{},"branchMap":{},"s":{},"f":{},"b":{}}
,"/Users/vauruk/Documents/workspace/Aubay/AubayInnoWaveTest/src/services/api/signIn/index.ts": {"path":"/Users/vauruk/Documents/workspace/Aubay/AubayInnoWaveTest/src/services/api/signIn/index.ts","statementMap":{"0":{"start":{"line":7,"column":4},"end":{"line":11,"column":7}},"1":{"start":{"line":15,"column":4},"end":{"line":18,"column":7}},"2":{"start":{"line":22,"column":4},"end":{"line":25,"column":7}}},"fnMap":{"0":{"name":"(anonymous_0)","decl":{"start":{"line":6,"column":2},"end":{"line":6,"column":3}},"loc":{"start":{"line":6,"column":61},"end":{"line":12,"column":3}},"line":6},"1":{"name":"(anonymous_1)","decl":{"start":{"line":14,"column":2},"end":{"line":14,"column":3}},"loc":{"start":{"line":14,"column":56},"end":{"line":19,"column":3}},"line":14},"2":{"name":"(anonymous_2)","decl":{"start":{"line":21,"column":2},"end":{"line":21,"column":3}},"loc":{"start":{"line":21,"column":66},"end":{"line":26,"column":3}},"line":21}},"branchMap":{},"s":{"0":0,"1":0,"2":0},"f":{"0":0,"1":0,"2":0},"b":{}}
,"/Users/vauruk/Documents/workspace/Aubay/AubayInnoWaveTest/src/services/api/signIn/types.ts": {"path":"/Users/vauruk/Documents/workspace/Aubay/AubayInnoWaveTest/src/services/api/signIn/types.ts","statementMap":{},"fnMap":{},"branchMap":{},"s":{},"f":{},"b":{}}
,"/Users/vauruk/Documents/workspace/Aubay/AubayInnoWaveTest/src/store/index.ts": {"path":"/Users/vauruk/Documents/workspace/Aubay/AubayInnoWaveTest/src/store/index.ts","statementMap":{"0":{"start":{"line":17,"column":33},"end":{"line":17,"column":35}},"1":{"start":{"line":19,"column":0},"end":{"line":21,"column":1}},"2":{"start":{"line":22,"column":22},"end":{"line":27,"column":1}},"3":{"start":{"line":29,"column":25},"end":{"line":29,"column":67}},"4":{"start":{"line":31,"column":25},"end":{"line":41,"column":2}},"5":{"start":{"line":35,"column":4},"end":{"line":39,"column":25}},"6":{"start":{"line":48,"column":30},"end":{"line":48,"column":62}},"7":{"start":{"line":48,"column":36},"end":{"line":48,"column":62}}},"fnMap":{"0":{"name":"(anonymous_0)","decl":{"start":{"line":34,"column":14},"end":{"line":34,"column":15}},"loc":{"start":{"line":35,"column":4},"end":{"line":39,"column":25}},"line":35},"1":{"name":"(anonymous_1)","decl":{"start":{"line":48,"column":30},"end":{"line":48,"column":31}},"loc":{"start":{"line":48,"column":36},"end":{"line":48,"column":62}},"line":48}},"branchMap":{"0":{"loc":{"start":{"line":19,"column":0},"end":{"line":21,"column":1}},"type":"if","locations":[{"start":{"line":19,"column":0},"end":{"line":21,"column":1}},{"start":{},"end":{}}],"line":19}},"s":{"0":1,"1":1,"2":1,"3":1,"4":1,"5":1,"6":1,"7":8},"f":{"0":1,"1":8},"b":{"0":[1,0]},"_coverageSchema":"1a1c01bbd47fc00a2c39e90264f33305004495a9","hash":"b54a87eba17c301ee26e334179a11c83f7a86462"}
,"/Users/vauruk/Documents/workspace/Aubay/AubayInnoWaveTest/src/store/common/types.ts": {"path":"/Users/vauruk/Documents/workspace/Aubay/AubayInnoWaveTest/src/store/common/types.ts","statementMap":{},"fnMap":{},"branchMap":{},"s":{},"f":{},"b":{}}
,"/Users/vauruk/Documents/workspace/Aubay/AubayInnoWaveTest/src/store/device/index.ts": {"path":"/Users/vauruk/Documents/workspace/Aubay/AubayInnoWaveTest/src/store/device/index.ts","statementMap":{"0":{"start":{"line":6,"column":22},"end":{"line":11,"column":1}},"1":{"start":{"line":13,"column":31},"end":{"line":19,"column":1}},"2":{"start":{"line":20,"column":30},"end":{"line":20,"column":32}},"3":{"start":{"line":22,"column":39},"end":{"line":28,"column":1}},"4":{"start":{"line":30,"column":31},"end":{"line":92,"column":2}},"5":{"start":{"line":35,"column":33},"end":{"line":35,"column":47}},"6":{"start":{"line":36,"column":23},"end":{"line":36,"column":33}},"7":{"start":{"line":37,"column":6},"end":{"line":40,"column":8}},"8":{"start":{"line":41,"column":6},"end":{"line":41,"column":22}},"9":{"start":{"line":44,"column":23},"end":{"line":44,"column":33}},"10":{"start":{"line":45,"column":6},"end":{"line":63,"column":7}},"11":{"start":{"line":46,"column":8},"end":{"line":49,"column":10}},"12":{"start":{"line":50,"column":8},"end":{"line":50,"column":54}},"13":{"start":{"line":51,"column":8},"end":{"line":51,"column":44}},"14":{"start":{"line":53,"column":22},"end":{"line":55,"column":9}},"15":{"start":{"line":54,"column":19},"end":{"line":54,"column":55}},"16":{"start":{"line":56,"column":23},"end":{"line":56,"column":50}},"17":{"start":{"line":57,"column":8},"end":{"line":57,"column":36}},"18":{"start":{"line":58,"column":8},"end":{"line":58,"column":39}},"19":{"start":{"line":59,"column":8},"end":{"line":59,"column":54}},"20":{"start":{"line":61,"column":8},"end":{"line":61,"column":44}},"21":{"start":{"line":62,"column":8},"end":{"line":62,"column":24}},"22":{"start":{"line":66,"column":23},"end":{"line":66,"column":33}},"23":{"start":{"line":67,"column":6},"end":{"line":67,"column":42}},"24":{"start":{"line":68,"column":6},"end":{"line":68,"column":22}},"25":{"start":{"line":71,"column":23},"end":{"line":71,"column":33}},"26":{"start":{"line":72,"column":20},"end":{"line":74,"column":7}},"27":{"start":{"line":73,"column":17},"end":{"line":73,"column":47}},"28":{"start":{"line":75,"column":21},"end":{"line":75,"column":48}},"29":{"start":{"line":76,"column":6},"end":{"line":76,"column":34}},"30":{"start":{"line":77,"column":6},"end":{"line":77,"column":37}},"31":{"start":{"line":79,"column":6},"end":{"line":79,"column":22}},"32":{"start":{"line":82,"column":23},"end":{"line":82,"column":33}},"33":{"start":{"line":83,"column":6},"end":{"line":83,"column":43}},"34":{"start":{"line":85,"column":6},"end":{"line":85,"column":22}},"35":{"start":{"line":88,"column":23},"end":{"line":88,"column":33}},"36":{"start":{"line":89,"column":6},"end":{"line":89,"column":50}},"37":{"start":{"line":101,"column":4},"end":{"line":101,"column":27}}},"fnMap":{"0":{"name":"(anonymous_0)","decl":{"start":{"line":34,"column":4},"end":{"line":34,"column":5}},"loc":{"start":{"line":34,"column":64},"end":{"line":42,"column":5}},"line":34},"1":{"name":"(anonymous_1)","decl":{"start":{"line":43,"column":4},"end":{"line":43,"column":5}},"loc":{"start":{"line":43,"column":32},"end":{"line":64,"column":5}},"line":43},"2":{"name":"(anonymous_2)","decl":{"start":{"line":54,"column":10},"end":{"line":54,"column":11}},"loc":{"start":{"line":54,"column":19},"end":{"line":54,"column":55}},"line":54},"3":{"name":"(anonymous_3)","decl":{"start":{"line":65,"column":4},"end":{"line":65,"column":5}},"loc":{"start":{"line":65,"column":37},"end":{"line":69,"column":5}},"line":65},"4":{"name":"(anonymous_4)","decl":{"start":{"line":70,"column":4},"end":{"line":70,"column":5}},"loc":{"start":{"line":70,"column":72},"end":{"line":80,"column":5}},"line":70},"5":{"name":"(anonymous_5)","decl":{"start":{"line":73,"column":8},"end":{"line":73,"column":9}},"loc":{"start":{"line":73,"column":17},"end":{"line":73,"column":47}},"line":73},"6":{"name":"(anonymous_6)","decl":{"start":{"line":81,"column":4},"end":{"line":81,"column":5}},"loc":{"start":{"line":81,"column":70},"end":{"line":86,"column":5}},"line":81},"7":{"name":"(anonymous_7)","decl":{"start":{"line":87,"column":4},"end":{"line":87,"column":5}},"loc":{"start":{"line":87,"column":78},"end":{"line":90,"column":5}},"line":87}},"branchMap":{"0":{"loc":{"start":{"line":45,"column":6},"end":{"line":63,"column":7}},"type":"if","locations":[{"start":{"line":45,"column":6},"end":{"line":63,"column":7}},{"start":{"line":52,"column":13},"end":{"line":63,"column":7}}],"line":45}},"s":{"0":1,"1":1,"2":1,"3":1,"4":1,"5":2,"6":2,"7":2,"8":2,"9":1,"10":1,"11":1,"12":1,"13":1,"14":0,"15":0,"16":0,"17":0,"18":0,"19":0,"20":0,"21":0,"22":1,"23":1,"24":1,"25":0,"26":0,"27":0,"28":0,"29":0,"30":0,"31":0,"32":0,"33":0,"34":0,"35":0,"36":0,"37":1},"f":{"0":2,"1":1,"2":0,"3":1,"4":0,"5":0,"6":0,"7":0},"b":{"0":[1,0]},"_coverageSchema":"1a1c01bbd47fc00a2c39e90264f33305004495a9","hash":"b04630281a3c386eb6dace231190198ef7ccf18a"}
,"/Users/vauruk/Documents/workspace/Aubay/AubayInnoWaveTest/src/store/device/types.ts": {"path":"/Users/vauruk/Documents/workspace/Aubay/AubayInnoWaveTest/src/store/device/types.ts","statementMap":{},"fnMap":{},"branchMap":{},"s":{},"f":{},"b":{},"_coverageSchema":"1a1c01bbd47fc00a2c39e90264f33305004495a9","hash":"1a0a460c63fedee1f0dcf034761a9bf93aef832e"}
,"/Users/vauruk/Documents/workspace/Aubay/AubayInnoWaveTest/src/store/reducers/index.ts": {"path":"/Users/vauruk/Documents/workspace/Aubay/AubayInnoWaveTest/src/store/reducers/index.ts","statementMap":{"0":{"start":{"line":10,"column":20},"end":{"line":12,"column":2}}},"fnMap":{},"branchMap":{},"s":{"0":1},"f":{},"b":{},"_coverageSchema":"1a1c01bbd47fc00a2c39e90264f33305004495a9","hash":"d25e295a712c31c0471a05ac894c496a0553eb34"}
,"/Users/vauruk/Documents/workspace/Aubay/AubayInnoWaveTest/src/views/App/index.tsx": {"path":"/Users/vauruk/Documents/workspace/Aubay/AubayInnoWaveTest/src/views/App/index.tsx","statementMap":{"0":{"start":{"line":18,"column":16},"end":{"line":18,"column":39}},"1":{"start":{"line":20,"column":22},"end":{"line":32,"column":1}},"2":{"start":{"line":21,"column":2},"end":{"line":31,"column":4}}},"fnMap":{"0":{"name":"(anonymous_0)","decl":{"start":{"line":20,"column":22},"end":{"line":20,"column":23}},"loc":{"start":{"line":20,"column":28},"end":{"line":32,"column":1}},"line":20}},"branchMap":{},"s":{"0":0,"1":0,"2":0},"f":{"0":0},"b":{}}
,"/Users/vauruk/Documents/workspace/Aubay/AubayInnoWaveTest/src/views/EditDevice/index.tsx": {"path":"/Users/vauruk/Documents/workspace/Aubay/AubayInnoWaveTest/src/views/EditDevice/index.tsx","statementMap":{"0":{"start":{"line":14,"column":36},"end":{"line":99,"column":1}},"1":{"start":{"line":15,"column":46},"end":{"line":15,"column":70}},"2":{"start":{"line":16,"column":21},"end":{"line":16,"column":36}},"3":{"start":{"line":17,"column":19},"end":{"line":17,"column":35}},"4":{"start":{"line":18,"column":21},"end":{"line":20,"column":3}},"5":{"start":{"line":19,"column":26},"end":{"line":19,"column":53}},"6":{"start":{"line":22,"column":25},"end":{"line":25,"column":3}},"7":{"start":{"line":23,"column":4},"end":{"line":23,"column":29}},"8":{"start":{"line":24,"column":4},"end":{"line":24,"column":38}},"9":{"start":{"line":26,"column":15},"end":{"line":38,"column":3}},"10":{"start":{"line":36,"column":21},"end":{"line":36,"column":45}},"11":{"start":{"line":40,"column":23},"end":{"line":42,"column":3}},"12":{"start":{"line":41,"column":4},"end":{"line":41,"column":61}},"13":{"start":{"line":44,"column":21},"end":{"line":48,"column":3}},"14":{"start":{"line":45,"column":4},"end":{"line":45,"column":26}},"15":{"start":{"line":46,"column":4},"end":{"line":46,"column":24}},"16":{"start":{"line":47,"column":4},"end":{"line":47,"column":31}},"17":{"start":{"line":50,"column":2},"end":{"line":98,"column":4}},"18":{"start":{"line":57,"column":33},"end":{"line":57,"column":67}},"19":{"start":{"line":58,"column":27},"end":{"line":58,"column":50}},"20":{"start":{"line":62,"column":12},"end":{"line":69,"column":23}},"21":{"start":{"line":65,"column":29},"end":{"line":65,"column":51}},"22":{"start":{"line":77,"column":33},"end":{"line":77,"column":70}},"23":{"start":{"line":82,"column":33},"end":{"line":82,"column":77}},"24":{"start":{"line":87,"column":33},"end":{"line":87,"column":70}},"25":{"start":{"line":93,"column":27},"end":{"line":93,"column":39}}},"fnMap":{"0":{"name":"(anonymous_0)","decl":{"start":{"line":14,"column":36},"end":{"line":14,"column":37}},"loc":{"start":{"line":14,"column":54},"end":{"line":99,"column":1}},"line":14},"1":{"name":"(anonymous_1)","decl":{"start":{"line":19,"column":4},"end":{"line":19,"column":5}},"loc":{"start":{"line":19,"column":26},"end":{"line":19,"column":53}},"line":19},"2":{"name":"(anonymous_2)","decl":{"start":{"line":22,"column":25},"end":{"line":22,"column":26}},"loc":{"start":{"line":22,"column":33},"end":{"line":25,"column":3}},"line":22},"3":{"name":"(anonymous_3)","decl":{"start":{"line":36,"column":15},"end":{"line":36,"column":16}},"loc":{"start":{"line":36,"column":21},"end":{"line":36,"column":45}},"line":36},"4":{"name":"(anonymous_4)","decl":{"start":{"line":40,"column":23},"end":{"line":40,"column":24}},"loc":{"start":{"line":40,"column":65},"end":{"line":42,"column":3}},"line":40},"5":{"name":"(anonymous_5)","decl":{"start":{"line":44,"column":21},"end":{"line":44,"column":22}},"loc":{"start":{"line":44,"column":27},"end":{"line":48,"column":3}},"line":44},"6":{"name":"(anonymous_6)","decl":{"start":{"line":57,"column":24},"end":{"line":57,"column":25}},"loc":{"start":{"line":57,"column":33},"end":{"line":57,"column":67}},"line":57},"7":{"name":"(anonymous_7)","decl":{"start":{"line":58,"column":21},"end":{"line":58,"column":22}},"loc":{"start":{"line":58,"column":27},"end":{"line":58,"column":50}},"line":58},"8":{"name":"(anonymous_8)","decl":{"start":{"line":61,"column":20},"end":{"line":61,"column":21}},"loc":{"start":{"line":62,"column":12},"end":{"line":69,"column":23}},"line":62},"9":{"name":"(anonymous_9)","decl":{"start":{"line":65,"column":23},"end":{"line":65,"column":24}},"loc":{"start":{"line":65,"column":29},"end":{"line":65,"column":51}},"line":65},"10":{"name":"(anonymous_10)","decl":{"start":{"line":77,"column":24},"end":{"line":77,"column":25}},"loc":{"start":{"line":77,"column":33},"end":{"line":77,"column":70}},"line":77},"11":{"name":"(anonymous_11)","decl":{"start":{"line":82,"column":24},"end":{"line":82,"column":25}},"loc":{"start":{"line":82,"column":33},"end":{"line":82,"column":77}},"line":82},"12":{"name":"(anonymous_12)","decl":{"start":{"line":87,"column":24},"end":{"line":87,"column":25}},"loc":{"start":{"line":87,"column":33},"end":{"line":87,"column":70}},"line":87},"13":{"name":"(anonymous_13)","decl":{"start":{"line":93,"column":21},"end":{"line":93,"column":22}},"loc":{"start":{"line":93,"column":27},"end":{"line":93,"column":39}},"line":93}},"branchMap":{},"s":{"0":1,"1":6,"2":6,"3":6,"4":6,"5":10,"6":6,"7":0,"8":0,"9":6,"10":0,"11":6,"12":2,"13":6,"14":1,"15":1,"16":1,"17":6,"18":0,"19":0,"20":18,"21":0,"22":2,"23":0,"24":0,"25":1},"f":{"0":6,"1":10,"2":0,"3":0,"4":2,"5":1,"6":0,"7":0,"8":18,"9":0,"10":2,"11":0,"12":0,"13":1},"b":{},"_coverageSchema":"1a1c01bbd47fc00a2c39e90264f33305004495a9","hash":"037922136a73823b5a395352c1e048a2d105bc09"}
,"/Users/vauruk/Documents/workspace/Aubay/AubayInnoWaveTest/src/views/Home/headerButton.tsx": {"path":"/Users/vauruk/Documents/workspace/Aubay/AubayInnoWaveTest/src/views/Home/headerButton.tsx","statementMap":{"0":{"start":{"line":15,"column":38},"end":{"line":127,"column":1}},"1":{"start":{"line":16,"column":42},"end":{"line":16,"column":66}},"2":{"start":{"line":17,"column":32},"end":{"line":17,"column":52}},"3":{"start":{"line":18,"column":19},"end":{"line":18,"column":35}},"4":{"start":{"line":19,"column":21},"end":{"line":21,"column":3}},"5":{"start":{"line":20,"column":26},"end":{"line":20,"column":53}},"6":{"start":{"line":22,"column":18},"end":{"line":22,"column":28}},"7":{"start":{"line":23,"column":21},"end":{"line":23,"column":36}},"8":{"start":{"line":25,"column":20},"end":{"line":27,"column":3}},"9":{"start":{"line":26,"column":4},"end":{"line":26,"column":47}},"10":{"start":{"line":29,"column":21},"end":{"line":47,"column":3}},"11":{"start":{"line":30,"column":18},"end":{"line":30,"column":39}},"12":{"start":{"line":31,"column":4},"end":{"line":46,"column":5}},"13":{"start":{"line":32,"column":21},"end":{"line":34,"column":8}},"14":{"start":{"line":35,"column":6},"end":{"line":43,"column":7}},"15":{"start":{"line":36,"column":8},"end":{"line":40,"column":9}},"16":{"start":{"line":41,"column":13},"end":{"line":43,"column":7}},"17":{"start":{"line":45,"column":6},"end":{"line":45,"column":33}},"18":{"start":{"line":49,"column":27},"end":{"line":53,"column":3}},"19":{"start":{"line":50,"column":18},"end":{"line":50,"column":43}},"20":{"start":{"line":51,"column":4},"end":{"line":51,"column":45}},"21":{"start":{"line":52,"column":4},"end":{"line":52,"column":27}},"22":{"start":{"line":55,"column":2},"end":{"line":126,"column":4}},"23":{"start":{"line":63,"column":28},"end":{"line":63,"column":50}},"24":{"start":{"line":64,"column":29},"end":{"line":64,"column":47}},"25":{"start":{"line":79,"column":33},"end":{"line":79,"column":50}},"26":{"start":{"line":88,"column":27},"end":{"line":88,"column":48}},"27":{"start":{"line":101,"column":27},"end":{"line":101,"column":39}},"28":{"start":{"line":115,"column":27},"end":{"line":115,"column":38}}},"fnMap":{"0":{"name":"(anonymous_0)","decl":{"start":{"line":15,"column":38},"end":{"line":15,"column":39}},"loc":{"start":{"line":15,"column":56},"end":{"line":127,"column":1}},"line":15},"1":{"name":"(anonymous_1)","decl":{"start":{"line":20,"column":4},"end":{"line":20,"column":5}},"loc":{"start":{"line":20,"column":26},"end":{"line":20,"column":53}},"line":20},"2":{"name":"(anonymous_2)","decl":{"start":{"line":25,"column":20},"end":{"line":25,"column":21}},"loc":{"start":{"line":25,"column":26},"end":{"line":27,"column":3}},"line":25},"3":{"name":"(anonymous_3)","decl":{"start":{"line":29,"column":21},"end":{"line":29,"column":22}},"loc":{"start":{"line":29,"column":33},"end":{"line":47,"column":3}},"line":29},"4":{"name":"(anonymous_4)","decl":{"start":{"line":49,"column":27},"end":{"line":49,"column":28}},"loc":{"start":{"line":49,"column":33},"end":{"line":53,"column":3}},"line":49},"5":{"name":"(anonymous_5)","decl":{"start":{"line":63,"column":22},"end":{"line":63,"column":23}},"loc":{"start":{"line":63,"column":28},"end":{"line":63,"column":50}},"line":63},"6":{"name":"(anonymous_6)","decl":{"start":{"line":64,"column":23},"end":{"line":64,"column":24}},"loc":{"start":{"line":64,"column":29},"end":{"line":64,"column":47}},"line":64},"7":{"name":"(anonymous_7)","decl":{"start":{"line":79,"column":24},"end":{"line":79,"column":25}},"loc":{"start":{"line":79,"column":33},"end":{"line":79,"column":50}},"line":79},"8":{"name":"(anonymous_8)","decl":{"start":{"line":88,"column":21},"end":{"line":88,"column":22}},"loc":{"start":{"line":88,"column":27},"end":{"line":88,"column":48}},"line":88},"9":{"name":"(anonymous_9)","decl":{"start":{"line":101,"column":21},"end":{"line":101,"column":22}},"loc":{"start":{"line":101,"column":27},"end":{"line":101,"column":39}},"line":101},"10":{"name":"(anonymous_10)","decl":{"start":{"line":115,"column":21},"end":{"line":115,"column":22}},"loc":{"start":{"line":115,"column":27},"end":{"line":115,"column":38}},"line":115}},"branchMap":{"0":{"loc":{"start":{"line":35,"column":6},"end":{"line":43,"column":7}},"type":"if","locations":[{"start":{"line":35,"column":6},"end":{"line":43,"column":7}},{"start":{"line":41,"column":13},"end":{"line":43,"column":7}}],"line":35},"1":{"loc":{"start":{"line":36,"column":8},"end":{"line":40,"column":9}},"type":"if","locations":[{"start":{"line":36,"column":8},"end":{"line":40,"column":9}},{"start":{"line":38,"column":15},"end":{"line":40,"column":9}}],"line":36},"2":{"loc":{"start":{"line":41,"column":13},"end":{"line":43,"column":7}},"type":"if","locations":[{"start":{"line":41,"column":13},"end":{"line":43,"column":7}},{"start":{},"end":{}}],"line":41}},"s":{"0":1,"1":0,"2":0,"3":0,"4":0,"5":0,"6":0,"7":0,"8":0,"9":0,"10":0,"11":0,"12":0,"13":0,"14":0,"15":0,"16":0,"17":0,"18":0,"19":0,"20":0,"21":0,"22":0,"23":0,"24":0,"25":0,"26":0,"27":0,"28":0},"f":{"0":0,"1":0,"2":0,"3":0,"4":0,"5":0,"6":0,"7":0,"8":0,"9":0,"10":0},"b":{"0":[0,0],"1":[0,0],"2":[0,0]},"_coverageSchema":"1a1c01bbd47fc00a2c39e90264f33305004495a9","hash":"a5e68809c58173cca448cd31c5afed4f87976bbe"}
,"/Users/vauruk/Documents/workspace/Aubay/AubayInnoWaveTest/src/views/Home/index.tsx": {"path":"/Users/vauruk/Documents/workspace/Aubay/AubayInnoWaveTest/src/views/Home/index.tsx","statementMap":{"0":{"start":{"line":18,"column":30},"end":{"line":105,"column":1}},"1":{"start":{"line":19,"column":21},"end":{"line":19,"column":36}},"2":{"start":{"line":20,"column":42},"end":{"line":20,"column":66}},"3":{"start":{"line":21,"column":40},"end":{"line":21,"column":64}},"4":{"start":{"line":22,"column":42},"end":{"line":22,"column":70}},"5":{"start":{"line":23,"column":34},"end":{"line":23,"column":63}},"6":{"start":{"line":25,"column":18},"end":{"line":25,"column":28}},"7":{"start":{"line":26,"column":19},"end":{"line":26,"column":35}},"8":{"start":{"line":27,"column":21},"end":{"line":29,"column":3}},"9":{"start":{"line":28,"column":26},"end":{"line":28,"column":53}},"10":{"start":{"line":31,"column":22},"end":{"line":45,"column":3}},"11":{"start":{"line":32,"column":4},"end":{"line":44,"column":7}},"12":{"start":{"line":36,"column":28},"end":{"line":40,"column":7}},"13":{"start":{"line":41,"column":6},"end":{"line":41,"column":34}},"14":{"start":{"line":42,"column":6},"end":{"line":42,"column":25}},"15":{"start":{"line":43,"column":6},"end":{"line":43,"column":27}},"16":{"start":{"line":47,"column":23},"end":{"line":52,"column":3}},"17":{"start":{"line":48,"column":4},"end":{"line":48,"column":46}},"18":{"start":{"line":49,"column":4},"end":{"line":49,"column":26}},"19":{"start":{"line":50,"column":4},"end":{"line":50,"column":27}},"20":{"start":{"line":51,"column":4},"end":{"line":51,"column":18}},"21":{"start":{"line":54,"column":32},"end":{"line":57,"column":3}},"22":{"start":{"line":55,"column":4},"end":{"line":55,"column":26}},"23":{"start":{"line":56,"column":4},"end":{"line":56,"column":26}},"24":{"start":{"line":59,"column":21},"end":{"line":62,"column":3}},"25":{"start":{"line":60,"column":4},"end":{"line":60,"column":36}},"26":{"start":{"line":61,"column":4},"end":{"line":61,"column":47}},"27":{"start":{"line":64,"column":21},"end":{"line":70,"column":3}},"28":{"start":{"line":65,"column":4},"end":{"line":69,"column":6}},"29":{"start":{"line":67,"column":26},"end":{"line":67,"column":53}},"30":{"start":{"line":68,"column":24},"end":{"line":68,"column":40}},"31":{"start":{"line":72,"column":2},"end":{"line":104,"column":4}},"32":{"start":{"line":79,"column":29},"end":{"line":79,"column":50}},"33":{"start":{"line":93,"column":29},"end":{"line":93,"column":43}},"34":{"start":{"line":94,"column":28},"end":{"line":94,"column":50}},"35":{"start":{"line":101,"column":30},"end":{"line":101,"column":37}}},"fnMap":{"0":{"name":"(anonymous_0)","decl":{"start":{"line":18,"column":30},"end":{"line":18,"column":31}},"loc":{"start":{"line":18,"column":48},"end":{"line":105,"column":1}},"line":18},"1":{"name":"(anonymous_1)","decl":{"start":{"line":28,"column":4},"end":{"line":28,"column":5}},"loc":{"start":{"line":28,"column":26},"end":{"line":28,"column":53}},"line":28},"2":{"name":"(anonymous_2)","decl":{"start":{"line":31,"column":22},"end":{"line":31,"column":23}},"loc":{"start":{"line":31,"column":28},"end":{"line":45,"column":3}},"line":31},"3":{"name":"(anonymous_3)","decl":{"start":{"line":35,"column":12},"end":{"line":35,"column":13}},"loc":{"start":{"line":35,"column":32},"end":{"line":44,"column":5}},"line":35},"4":{"name":"(anonymous_4)","decl":{"start":{"line":47,"column":23},"end":{"line":47,"column":24}},"loc":{"start":{"line":47,"column":29},"end":{"line":52,"column":3}},"line":47},"5":{"name":"(anonymous_5)","decl":{"start":{"line":54,"column":32},"end":{"line":54,"column":33}},"loc":{"start":{"line":54,"column":51},"end":{"line":57,"column":3}},"line":54},"6":{"name":"(anonymous_6)","decl":{"start":{"line":59,"column":21},"end":{"line":59,"column":22}},"loc":{"start":{"line":59,"column":40},"end":{"line":62,"column":3}},"line":59},"7":{"name":"(anonymous_7)","decl":{"start":{"line":64,"column":21},"end":{"line":64,"column":22}},"loc":{"start":{"line":65,"column":4},"end":{"line":69,"column":6}},"line":65},"8":{"name":"(anonymous_8)","decl":{"start":{"line":67,"column":20},"end":{"line":67,"column":21}},"loc":{"start":{"line":67,"column":26},"end":{"line":67,"column":53}},"line":67},"9":{"name":"(anonymous_9)","decl":{"start":{"line":68,"column":18},"end":{"line":68,"column":19}},"loc":{"start":{"line":68,"column":24},"end":{"line":68,"column":40}},"line":68},"10":{"name":"(anonymous_10)","decl":{"start":{"line":79,"column":23},"end":{"line":79,"column":24}},"loc":{"start":{"line":79,"column":29},"end":{"line":79,"column":50}},"line":79},"11":{"name":"(anonymous_11)","decl":{"start":{"line":93,"column":23},"end":{"line":93,"column":24}},"loc":{"start":{"line":93,"column":29},"end":{"line":93,"column":43}},"line":93},"12":{"name":"(anonymous_12)","decl":{"start":{"line":94,"column":22},"end":{"line":94,"column":23}},"loc":{"start":{"line":94,"column":28},"end":{"line":94,"column":50}},"line":94},"13":{"name":"(anonymous_13)","decl":{"start":{"line":101,"column":22},"end":{"line":101,"column":23}},"loc":{"start":{"line":101,"column":30},"end":{"line":101,"column":37}},"line":101}},"branchMap":{},"s":{"0":1,"1":2,"2":2,"3":2,"4":2,"5":2,"6":2,"7":2,"8":2,"9":2,"10":2,"11":0,"12":0,"13":0,"14":0,"15":0,"16":2,"17":0,"18":0,"19":0,"20":0,"21":2,"22":0,"23":0,"24":2,"25":0,"26":0,"27":2,"28":0,"29":0,"30":0,"31":2,"32":0,"33":0,"34":0,"35":0},"f":{"0":2,"1":2,"2":0,"3":0,"4":0,"5":0,"6":0,"7":0,"8":0,"9":0,"10":0,"11":0,"12":0,"13":0},"b":{},"_coverageSchema":"1a1c01bbd47fc00a2c39e90264f33305004495a9","hash":"fd657c359f182f564039d9f1bbdf19fccb40bade"}
,"/Users/vauruk/Documents/workspace/Aubay/AubayInnoWaveTest/src/views/Home/ChangeMode/index.tsx": {"path":"/Users/vauruk/Documents/workspace/Aubay/AubayInnoWaveTest/src/views/Home/ChangeMode/index.tsx","statementMap":{"0":{"start":{"line":12,"column":36},"end":{"line":46,"column":1}},"1":{"start":{"line":13,"column":21},"end":{"line":13,"column":48}},"2":{"start":{"line":14,"column":26},"end":{"line":14,"column":40}},"3":{"start":{"line":15,"column":18},"end":{"line":15,"column":28}},"4":{"start":{"line":16,"column":23},"end":{"line":22,"column":3}},"5":{"start":{"line":17,"column":4},"end":{"line":21,"column":5}},"6":{"start":{"line":18,"column":6},"end":{"line":18,"column":23}},"7":{"start":{"line":20,"column":6},"end":{"line":20,"column":22}},"8":{"start":{"line":23,"column":2},"end":{"line":30,"column":9}},"9":{"start":{"line":25,"column":4},"end":{"line":29,"column":5}},"10":{"start":{"line":26,"column":6},"end":{"line":26,"column":22}},"11":{"start":{"line":28,"column":6},"end":{"line":28,"column":23}},"12":{"start":{"line":31,"column":2},"end":{"line":45,"column":4}},"13":{"start":{"line":36,"column":23},"end":{"line":36,"column":37}},"14":{"start":{"line":51,"column":2},"end":{"line":51,"column":65}},"15":{"start":{"line":51,"column":32},"end":{"line":51,"column":47}}},"fnMap":{"0":{"name":"(anonymous_0)","decl":{"start":{"line":12,"column":36},"end":{"line":12,"column":37}},"loc":{"start":{"line":12,"column":42},"end":{"line":46,"column":1}},"line":12},"1":{"name":"(anonymous_1)","decl":{"start":{"line":16,"column":23},"end":{"line":16,"column":24}},"loc":{"start":{"line":16,"column":29},"end":{"line":22,"column":3}},"line":16},"2":{"name":"(anonymous_2)","decl":{"start":{"line":23,"column":12},"end":{"line":23,"column":13}},"loc":{"start":{"line":23,"column":18},"end":{"line":30,"column":3}},"line":23},"3":{"name":"(anonymous_3)","decl":{"start":{"line":36,"column":17},"end":{"line":36,"column":18}},"loc":{"start":{"line":36,"column":23},"end":{"line":36,"column":37}},"line":36},"4":{"name":"Demo","decl":{"start":{"line":50,"column":9},"end":{"line":50,"column":13}},"loc":{"start":{"line":50,"column":16},"end":{"line":52,"column":1}},"line":50},"5":{"name":"(anonymous_5)","decl":{"start":{"line":51,"column":26},"end":{"line":51,"column":27}},"loc":{"start":{"line":51,"column":32},"end":{"line":51,"column":47}},"line":51}},"branchMap":{"0":{"loc":{"start":{"line":17,"column":4},"end":{"line":21,"column":5}},"type":"if","locations":[{"start":{"line":17,"column":4},"end":{"line":21,"column":5}},{"start":{"line":19,"column":11},"end":{"line":21,"column":5}}],"line":17},"1":{"loc":{"start":{"line":25,"column":4},"end":{"line":29,"column":5}},"type":"if","locations":[{"start":{"line":25,"column":4},"end":{"line":29,"column":5}},{"start":{"line":27,"column":11},"end":{"line":29,"column":5}}],"line":25}},"s":{"0":0,"1":0,"2":0,"3":0,"4":0,"5":0,"6":0,"7":0,"8":0,"9":0,"10":0,"11":0,"12":0,"13":0,"14":0,"15":0},"f":{"0":0,"1":0,"2":0,"3":0,"4":0,"5":0},"b":{"0":[0,0],"1":[0,0]}}
,"/Users/vauruk/Documents/workspace/Aubay/AubayInnoWaveTest/src/views/Home/Item/index.tsx": {"path":"/Users/vauruk/Documents/workspace/Aubay/AubayInnoWaveTest/src/views/Home/Item/index.tsx","statementMap":{"0":{"start":{"line":15,"column":30},"end":{"line":118,"column":1}},"1":{"start":{"line":22,"column":18},"end":{"line":22,"column":28}},"2":{"start":{"line":23,"column":21},"end":{"line":23,"column":48}},"3":{"start":{"line":25,"column":24},"end":{"line":28,"column":3}},"4":{"start":{"line":26,"column":4},"end":{"line":26,"column":25}},"5":{"start":{"line":27,"column":4},"end":{"line":27,"column":12}},"6":{"start":{"line":29,"column":22},"end":{"line":32,"column":3}},"7":{"start":{"line":30,"column":4},"end":{"line":30,"column":23}},"8":{"start":{"line":31,"column":4},"end":{"line":31,"column":12}},"9":{"start":{"line":34,"column":2},"end":{"line":117,"column":4}},"10":{"start":{"line":39,"column":10},"end":{"line":59,"column":13}},"11":{"start":{"line":42,"column":29},"end":{"line":42,"column":49}},"12":{"start":{"line":52,"column":29},"end":{"line":52,"column":47}}},"fnMap":{"0":{"name":"(anonymous_0)","decl":{"start":{"line":15,"column":30},"end":{"line":15,"column":31}},"loc":{"start":{"line":21,"column":13},"end":{"line":118,"column":1}},"line":21},"1":{"name":"(anonymous_1)","decl":{"start":{"line":25,"column":24},"end":{"line":25,"column":25}},"loc":{"start":{"line":25,"column":33},"end":{"line":28,"column":3}},"line":25},"2":{"name":"(anonymous_2)","decl":{"start":{"line":29,"column":22},"end":{"line":29,"column":23}},"loc":{"start":{"line":29,"column":31},"end":{"line":32,"column":3}},"line":29},"3":{"name":"(anonymous_3)","decl":{"start":{"line":38,"column":22},"end":{"line":38,"column":23}},"loc":{"start":{"line":39,"column":10},"end":{"line":59,"column":13}},"line":39},"4":{"name":"(anonymous_4)","decl":{"start":{"line":42,"column":23},"end":{"line":42,"column":24}},"loc":{"start":{"line":42,"column":29},"end":{"line":42,"column":49}},"line":42},"5":{"name":"(anonymous_5)","decl":{"start":{"line":52,"column":23},"end":{"line":52,"column":24}},"loc":{"start":{"line":52,"column":29},"end":{"line":52,"column":47}},"line":52}},"branchMap":{"0":{"loc":{"start":{"line":68,"column":33},"end":{"line":70,"column":38}},"type":"cond-expr","locations":[{"start":{"line":69,"column":20},"end":{"line":69,"column":38}},{"start":{"line":70,"column":20},"end":{"line":70,"column":38}}],"line":68},"1":{"loc":{"start":{"line":75,"column":17},"end":{"line":82,"column":17}},"type":"binary-expr","locations":[{"start":{"line":75,"column":17},"end":{"line":75,"column":39}},{"start":{"line":76,"column":18},"end":{"line":81,"column":20}}],"line":75},"2":{"loc":{"start":{"line":79,"column":27},"end":{"line":79,"column":70}},"type":"cond-expr","locations":[{"start":{"line":79,"column":40},"end":{"line":79,"column":58}},{"start":{"line":79,"column":61},"end":{"line":79,"column":70}}],"line":79},"3":{"loc":{"start":{"line":83,"column":17},"end":{"line":90,"column":17}},"type":"binary-expr","locations":[{"start":{"line":83,"column":17},"end":{"line":83,"column":35}},{"start":{"line":84,"column":18},"end":{"line":89,"column":20}}],"line":83},"4":{"loc":{"start":{"line":87,"column":27},"end":{"line":87,"column":70}},"type":"cond-expr","locations":[{"start":{"line":87,"column":40},"end":{"line":87,"column":58}},{"start":{"line":87,"column":61},"end":{"line":87,"column":70}}],"line":87}},"s":{"0":1,"1":0,"2":0,"3":0,"4":0,"5":0,"6":0,"7":0,"8":0,"9":0,"10":0,"11":0,"12":0},"f":{"0":0,"1":0,"2":0,"3":0,"4":0,"5":0},"b":{"0":[0,0],"1":[0,0],"2":[0,0],"3":[0,0],"4":[0,0]},"_coverageSchema":"1a1c01bbd47fc00a2c39e90264f33305004495a9","hash":"492fbe54c45478591ce2c01bbe6bd544ca3e36b4"}
,"/Users/vauruk/Documents/workspace/Aubay/AubayInnoWaveTest/src/views/Mock/index.tsx": {"path":"/Users/vauruk/Documents/workspace/Aubay/AubayInnoWaveTest/src/views/Mock/index.tsx","statementMap":{"0":{"start":{"line":16,"column":30},"end":{"line":39,"column":1}},"1":{"start":{"line":17,"column":21},"end":{"line":17,"column":36}},"2":{"start":{"line":18,"column":21},"end":{"line":20,"column":3}},"3":{"start":{"line":19,"column":26},"end":{"line":19,"column":53}},"4":{"start":{"line":22,"column":19},"end":{"line":24,"column":3}},"5":{"start":{"line":23,"column":4},"end":{"line":23,"column":47}},"6":{"start":{"line":26,"column":2},"end":{"line":38,"column":4}}},"fnMap":{"0":{"name":"(anonymous_0)","decl":{"start":{"line":16,"column":30},"end":{"line":16,"column":31}},"loc":{"start":{"line":16,"column":48},"end":{"line":39,"column":1}},"line":16},"1":{"name":"(anonymous_1)","decl":{"start":{"line":19,"column":4},"end":{"line":19,"column":5}},"loc":{"start":{"line":19,"column":26},"end":{"line":19,"column":53}},"line":19},"2":{"name":"(anonymous_2)","decl":{"start":{"line":22,"column":19},"end":{"line":22,"column":20}},"loc":{"start":{"line":22,"column":25},"end":{"line":24,"column":3}},"line":22}},"branchMap":{},"s":{"0":1,"1":0,"2":0,"3":0,"4":0,"5":0,"6":0},"f":{"0":0,"1":0,"2":0},"b":{},"_coverageSchema":"1a1c01bbd47fc00a2c39e90264f33305004495a9","hash":"90376976da0274691b6f8ba035a344284c38d631"}
,"/Users/vauruk/Documents/workspace/Aubay/AubayInnoWaveTest/src/views/Splash/index.tsx": {"path":"/Users/vauruk/Documents/workspace/Aubay/AubayInnoWaveTest/src/views/Splash/index.tsx","statementMap":{"0":{"start":{"line":13,"column":32},"end":{"line":21,"column":1}},"1":{"start":{"line":14,"column":21},"end":{"line":14,"column":36}},"2":{"start":{"line":15,"column":2},"end":{"line":19,"column":5}},"3":{"start":{"line":16,"column":4},"end":{"line":18,"column":13}},"4":{"start":{"line":17,"column":6},"end":{"line":17,"column":49}},"5":{"start":{"line":20,"column":2},"end":{"line":20,"column":73}}},"fnMap":{"0":{"name":"(anonymous_0)","decl":{"start":{"line":13,"column":32},"end":{"line":13,"column":33}},"loc":{"start":{"line":13,"column":50},"end":{"line":21,"column":1}},"line":13},"1":{"name":"(anonymous_1)","decl":{"start":{"line":15,"column":12},"end":{"line":15,"column":13}},"loc":{"start":{"line":15,"column":18},"end":{"line":19,"column":3}},"line":15},"2":{"name":"(anonymous_2)","decl":{"start":{"line":16,"column":15},"end":{"line":16,"column":16}},"loc":{"start":{"line":16,"column":21},"end":{"line":18,"column":5}},"line":16}},"branchMap":{},"s":{"0":1,"1":0,"2":0,"3":0,"4":0,"5":0},"f":{"0":0,"1":0,"2":0},"b":{},"_coverageSchema":"1a1c01bbd47fc00a2c39e90264f33305004495a9","hash":"f780879d439384481903b406860b8d2897577636"}
}
